<?xml version="1.0" encoding="UTF-8"?>
<!-- Generated by org.testng.reporters.JUnitReportReporter -->
<testsuite hostname="DESKTOP-1EPKU6D" failures="0" tests="1" name="com.mitocode.TestNG.Repo.TestTipoContratoRepo" time="0.179" errors="0" timestamp="2020-08-06T12:55:39 PET" skipped="0">
  <testcase classname="com.mitocode.TestNG.Repo.TestTipoContratoRepo" name="testFindAllTipoContrato" time="0.179"/>
  <system-out/>
</testsuite> <!-- com.mitocode.TestNG.Repo.TestTipoContratoRepo -->
