<?xml version="1.0" encoding="UTF-8"?>
<!-- Generated by org.testng.reporters.JUnitReportReporter -->
<testsuite hostname="DESKTOP-1EPKU6D" failures="0" tests="1" name="com.mitocode.TestNG.Repo.TestBancoRepo" time="0.218" errors="0" timestamp="2020-08-06T12:46:18 PET" skipped="0">
  <testcase classname="com.mitocode.TestNG.Repo.TestBancoRepo" name="testFindAllBanco" time="0.218"/>
  <system-out/>
</testsuite> <!-- com.mitocode.TestNG.Repo.TestBancoRepo -->
