<?xml version="1.0" encoding="UTF-8"?>
<!-- Generated by org.testng.reporters.JUnitReportReporter -->
<testsuite skipped="0" hostname="LAPTOP-3IC4HAG9" name="com.mitocode.controller.PostulanteControllerTestPI" tests="1" failures="0" timestamp="2020-08-07T14:18:20 COT" time="0.443" errors="0">
  <testcase name="registrarTest" time="0.443" classname="com.mitocode.controller.PostulanteControllerTestPI"/>
  <system-out/>
</testsuite> <!-- com.mitocode.controller.PostulanteControllerTestPI -->
