<?xml version="1.0" encoding="UTF-8"?>
<!-- Generated by org.testng.reporters.JUnitReportReporter -->
<testsuite hostname="DESKTOP-1EPKU6D" failures="0" tests="2" name="com.mitocode.controller.SolicitudControllerTest" time="0.168" errors="0" timestamp="2020-08-06T15:11:38 PET" skipped="0">
  <testcase classname="com.mitocode.controller.SolicitudControllerTest" name="listarSolicitudxEmpresaTestError" time="0.005"/>
  <system-out/>
  <testcase classname="com.mitocode.controller.SolicitudControllerTest" name="listarSolicitudxEmpresaTest" time="0.163"/>
  <system-out/>
</testsuite> <!-- com.mitocode.controller.SolicitudControllerTest -->
